
Run: gars_stage1_gars_stage1_gcn3hop_512px_v2_20260426_230611
Results: /home/ubuntu/ahaas-persistent-std-tcga/experiments/gars_stage1_gars_stage1_gcn3hop_512px_v2_20260426_230611
Training 647 slides, validating 158 slides

EPOCH epoch=1 train_loss=0.0500 train_recall=0.033 train_prec=0.072 train_f1=0.045 val_loss=0.0101 val_recall=0.000 val_prec=0.000 val_f1=0.000 val_selected=0/674617 lr=9.99e-04 train=134s val=29s
EPOCH epoch=2 train_loss=0.0351 train_recall=0.160 train_prec=0.176 train_f1=0.168 val_loss=0.0120 val_recall=0.170 val_prec=0.281 val_f1=0.212 val_selected=1028/674617 lr=9.96e-04 train=122s val=27s BEST
EPOCH epoch=3 train_loss=0.0329 train_recall=0.265 train_prec=0.176 train_f1=0.212 val_loss=0.0144 val_recall=0.376 val_prec=0.196 val_f1=0.258 val_selected=3262/674617 lr=9.91e-04 train=113s val=38s BEST
EPOCH epoch=4 train_loss=0.0300 train_recall=0.339 train_prec=0.195 train_f1=0.248 val_loss=0.0094 val_recall=0.148 val_prec=0.348 val_f1=0.207 val_selected=722/674617 lr=9.84e-04 train=119s val=24s
EPOCH epoch=5 train_loss=0.0294 train_recall=0.360 train_prec=0.194 train_f1=0.252 val_loss=0.0121 val_recall=0.414 val_prec=0.219 val_f1=0.286 val_selected=3211/674617 lr=9.76e-04 train=103s val=22s BEST
EPOCH epoch=6 train_loss=0.0300 train_recall=0.385 train_prec=0.193 train_f1=0.257 val_loss=0.0113 val_recall=0.262 val_prec=0.251 val_f1=0.257 val_selected=1776/674617 lr=9.65e-04 train=96s val=24s
EPOCH epoch=7 train_loss=0.0276 train_recall=0.411 train_prec=0.220 train_f1=0.287 val_loss=0.0104 val_recall=0.247 val_prec=0.275 val_f1=0.260 val_selected=1528/674617 lr=9.52e-04 train=103s val=22s
EPOCH epoch=8 train_loss=0.0272 train_recall=0.437 train_prec=0.240 train_f1=0.310 val_loss=0.0103 val_recall=0.300 val_prec=0.266 val_f1=0.282 val_selected=1916/674617 lr=9.38e-04 train=86s val=19s
EPOCH epoch=9 train_loss=0.0261 train_recall=0.488 train_prec=0.245 train_f1=0.326 val_loss=0.0104 val_recall=0.226 val_prec=0.322 val_f1=0.266 val_selected=1192/674617 lr=9.22e-04 train=82s val=30s
EPOCH epoch=10 train_loss=0.0269 train_recall=0.446 train_prec=0.232 train_f1=0.305 val_loss=0.0123 val_recall=0.495 val_prec=0.241 val_f1=0.324 val_selected=3493/674617 lr=9.05e-04 train=88s val=24s BEST
EPOCH epoch=11 train_loss=0.0251 train_recall=0.492 train_prec=0.253 train_f1=0.334 val_loss=0.0117 val_recall=0.418 val_prec=0.259 val_f1=0.320 val_selected=2743/674617 lr=8.85e-04 train=102s val=20s
EPOCH epoch=12 train_loss=0.0242 train_recall=0.514 train_prec=0.270 train_f1=0.354 val_loss=0.0089 val_recall=0.098 val_prec=0.460 val_f1=0.162 val_selected=363/674617 lr=8.65e-04 train=98s val=23s
EPOCH epoch=13 train_loss=0.0227 train_recall=0.543 train_prec=0.282 train_f1=0.372 val_loss=0.0097 val_recall=0.274 val_prec=0.354 val_f1=0.308 val_selected=1315/674617 lr=8.42e-04 train=88s val=23s
EPOCH epoch=14 train_loss=0.0229 train_recall=0.537 train_prec=0.293 train_f1=0.379 val_loss=0.0109 val_recall=0.407 val_prec=0.269 val_f1=0.324 val_selected=2569/674617 lr=8.19e-04 train=81s val=20s BEST
EPOCH epoch=15 train_loss=0.0221 train_recall=0.577 train_prec=0.307 train_f1=0.400 val_loss=0.0108 val_recall=0.390 val_prec=0.296 val_f1=0.336 val_selected=2243/674617 lr=7.94e-04 train=87s val=23s BEST
EPOCH epoch=16 train_loss=0.0201 train_recall=0.599 train_prec=0.305 train_f1=0.404 val_loss=0.0135 val_recall=0.571 val_prec=0.222 val_f1=0.320 val_selected=4369/674617 lr=7.68e-04 train=103s val=24s
EPOCH epoch=17 train_loss=0.0199 train_recall=0.605 train_prec=0.316 train_f1=0.415 val_loss=0.0111 val_recall=0.394 val_prec=0.286 val_f1=0.331 val_selected=2343/674617 lr=7.41e-04 train=88s val=28s
EPOCH epoch=18 train_loss=0.0195 train_recall=0.622 train_prec=0.323 train_f1=0.425 val_loss=0.0101 val_recall=0.318 val_prec=0.301 val_f1=0.309 val_selected=1795/674617 lr=7.13e-04 train=83s val=20s
EPOCH epoch=19 train_loss=0.0180 train_recall=0.649 train_prec=0.336 train_f1=0.443 val_loss=0.0109 val_recall=0.413 val_prec=0.279 val_f1=0.333 val_selected=2517/674617 lr=6.84e-04 train=89s val=24s
EPOCH epoch=20 train_loss=0.0170 train_recall=0.659 train_prec=0.357 train_f1=0.463 val_loss=0.0120 val_recall=0.470 val_prec=0.256 val_f1=0.331 val_selected=3121/674617 lr=6.55e-04 train=112s val=24s
EPOCH epoch=21 train_loss=0.0175 train_recall=0.668 train_prec=0.348 train_f1=0.458 val_loss=0.0098 val_recall=0.365 val_prec=0.328 val_f1=0.346 val_selected=1888/674617 lr=6.25e-04 train=90s val=19s BEST
EPOCH epoch=22 train_loss=0.0160 train_recall=0.687 train_prec=0.365 train_f1=0.477 val_loss=0.0096 val_recall=0.364 val_prec=0.350 val_f1=0.357 val_selected=1770/674617 lr=5.94e-04 train=81s val=20s BEST
EPOCH epoch=23 train_loss=0.0150 train_recall=0.712 train_prec=0.382 train_f1=0.497 val_loss=0.0127 val_recall=0.523 val_prec=0.259 val_f1=0.347 val_selected=3431/674617 lr=5.63e-04 train=84s val=20s
EPOCH epoch=24 train_loss=0.0142 train_recall=0.731 train_prec=0.382 train_f1=0.502 val_loss=0.0121 val_recall=0.511 val_prec=0.256 val_f1=0.341 val_selected=3390/674617 lr=5.32e-04 train=91s val=21s
EPOCH epoch=25 train_loss=0.0141 train_recall=0.738 train_prec=0.393 train_f1=0.513 val_loss=0.0117 val_recall=0.471 val_prec=0.281 val_f1=0.352 val_selected=2842/674617 lr=5.00e-04 train=92s val=21s
EPOCH epoch=26 train_loss=0.0127 train_recall=0.771 train_prec=0.409 train_f1=0.535 val_loss=0.0103 val_recall=0.288 val_prec=0.350 val_f1=0.316 val_selected=1399/674617 lr=4.69e-04 train=90s val=30s
EPOCH epoch=27 train_loss=0.0121 train_recall=0.783 train_prec=0.420 train_f1=0.547 val_loss=0.0105 val_recall=0.353 val_prec=0.377 val_f1=0.365 val_selected=1591/674617 lr=4.38e-04 train=82s val=21s BEST
EPOCH epoch=28 train_loss=0.0112 train_recall=0.793 train_prec=0.441 train_f1=0.567 val_loss=0.0111 val_recall=0.402 val_prec=0.306 val_f1=0.348 val_selected=2234/674617 lr=4.07e-04 train=89s val=25s
EPOCH epoch=29 train_loss=0.0110 train_recall=0.807 train_prec=0.437 train_f1=0.567 val_loss=0.0119 val_recall=0.418 val_prec=0.321 val_f1=0.363 val_selected=2216/674617 lr=3.76e-04 train=116s val=23s
EPOCH epoch=30 train_loss=0.0099 train_recall=0.825 train_prec=0.460 train_f1=0.591 val_loss=0.0121 val_recall=0.411 val_prec=0.305 val_f1=0.350 val_selected=2292/674617 lr=3.46e-04 train=90s val=20s
EPOCH epoch=31 train_loss=0.0096 train_recall=0.825 train_prec=0.468 train_f1=0.597 val_loss=0.0121 val_recall=0.374 val_prec=0.329 val_f1=0.350 val_selected=1936/674617 lr=3.17e-04 train=82s val=20s
EPOCH epoch=32 train_loss=0.0091 train_recall=0.842 train_prec=0.474 train_f1=0.607 val_loss=0.0118 val_recall=0.416 val_prec=0.322 val_f1=0.363 val_selected=2198/674617 lr=2.88e-04 train=85s val=25s
EPOCH epoch=33 train_loss=0.0087 train_recall=0.853 train_prec=0.491 train_f1=0.623 val_loss=0.0127 val_recall=0.405 val_prec=0.330 val_f1=0.363 val_selected=2086/674617 lr=2.60e-04 train=103s val=22s
EPOCH epoch=34 train_loss=0.0080 train_recall=0.868 train_prec=0.504 train_f1=0.638 val_loss=0.0125 val_recall=0.388 val_prec=0.332 val_f1=0.358 val_selected=1984/674617 lr=2.33e-04 train=96s val=27s
EPOCH epoch=35 train_loss=0.0077 train_recall=0.874 train_prec=0.520 train_f1=0.652 val_loss=0.0134 val_recall=0.341 val_prec=0.355 val_f1=0.348 val_selected=1629/674617 lr=2.07e-04 train=84s val=20s
EPOCH epoch=36 train_loss=0.0072 train_recall=0.883 train_prec=0.527 train_f1=0.660 val_loss=0.0134 val_recall=0.368 val_prec=0.362 val_f1=0.365 val_selected=1727/674617 lr=1.82e-04 train=84s val=24s BEST
EPOCH epoch=37 train_loss=0.0068 train_recall=0.892 train_prec=0.534 train_f1=0.668 val_loss=0.0141 val_recall=0.374 val_prec=0.338 val_f1=0.355 val_selected=1880/674617 lr=1.59e-04 train=101s val=25s
EPOCH epoch=38 train_loss=0.0066 train_recall=0.895 train_prec=0.547 train_f1=0.679 val_loss=0.0145 val_recall=0.370 val_prec=0.344 val_f1=0.357 val_selected=1827/674617 lr=1.36e-04 train=113s val=24s
EPOCH epoch=39 train_loss=0.0062 train_recall=0.901 train_prec=0.565 train_f1=0.695 val_loss=0.0149 val_recall=0.366 val_prec=0.355 val_f1=0.360 val_selected=1752/674617 lr=1.16e-04 train=85s val=21s
EPOCH epoch=40 train_loss=0.0060 train_recall=0.907 train_prec=0.566 train_f1=0.697 val_loss=0.0151 val_recall=0.361 val_prec=0.357 val_f1=0.359 val_selected=1717/674617 lr=9.64e-05 train=83s val=20s
EPOCH epoch=41 train_loss=0.0055 train_recall=0.918 train_prec=0.587 train_f1=0.716 val_loss=0.0158 val_recall=0.361 val_prec=0.334 val_f1=0.347 val_selected=1841/674617 lr=7.88e-05 train=91s val=23s
EPOCH epoch=42 train_loss=0.0054 train_recall=0.916 train_prec=0.582 train_f1=0.711 val_loss=0.0159 val_recall=0.354 val_prec=0.354 val_f1=0.354 val_selected=1701/674617 lr=6.28e-05 train=96s val=29s
EPOCH epoch=43 train_loss=0.0052 train_recall=0.922 train_prec=0.592 train_f1=0.721 val_loss=0.0169 val_recall=0.355 val_prec=0.352 val_f1=0.354 val_selected=1717/674617 lr=4.85e-05 train=83s val=23s
EPOCH epoch=44 train_loss=0.0050 train_recall=0.927 train_prec=0.604 train_f1=0.732 val_loss=0.0169 val_recall=0.358 val_prec=0.351 val_f1=0.354 val_selected=1736/674617 lr=3.61e-05 train=85s val=20s
EPOCH epoch=45 train_loss=0.0050 train_recall=0.925 train_prec=0.600 train_f1=0.728 val_loss=0.0176 val_recall=0.349 val_prec=0.362 val_f1=0.355 val_selected=1638/674617 lr=2.54e-05 train=85s val=21s
EPOCH epoch=46 train_loss=0.0048 train_recall=0.929 train_prec=0.610 train_f1=0.736 val_loss=0.0175 val_recall=0.354 val_prec=0.355 val_f1=0.355 val_selected=1695/674617 lr=1.67e-05 train=102s val=28s
  Early stopping at epoch 46 (best=36, f1=0.365)

Done. Best f1=0.365 at epoch 36
Checkpoint: /home/ubuntu/ahaas-persistent-std-tcga/experiments/gars_stage1_gars_stage1_gcn3hop_512px_v2_20260426_230611/best_checkpoint.pt

============================================================
FINAL RESULTS (best epoch 36)
============================================================
  Recall:    0.368 (target >0.95)
  Precision: 0.362
  F1:        0.365
  Accuracy:  0.997
  Selected:  1727/674617 patches
  TP=626 FP=1101 FN=1074 TN=671816

  Slides with recall < 0.9 (101):
    TCGA-BL-A5ZZ-01Z-00-DX2.BB151354-01C6-43DE-ABCC-0B03468D54FF: recall=0.00 (0/3 TLS)
    TCGA-BT-A20J-01Z-00-DX1.EB1BC7DB-9BF1-467D-B897-9BA2130320CB: recall=0.00 (0/7 TLS)
    TCGA-G2-AA3F-01Z-00-DX3.360ECD0E-F773-4153-A782-EDED1819BDBA: recall=0.00 (0/1 TLS)
    TCGA-G2-AA3F-01Z-00-DX7.61BFF067-ADE1-4879-8746-34F034B06A2A: recall=0.00 (0/2 TLS)
    TCGA-G2-AA3F-01Z-00-DX8.D27EA057-F808-44FE-AF5D-9F7237D59488: recall=0.00 (0/1 TLS)
    TCGA-GC-A6I3-01Z-00-DX1.1B3D09B9-14FB-4236-9354-3E5CC59354A7: recall=0.00 (0/6 TLS)
    TCGA-B0-4703-01Z-00-DX1.05400469-03bd-4f1b-ac33-580a8b582c39: recall=0.00 (0/1 TLS)
    TCGA-B0-5104-01Z-00-DX1.1e36aacb-87e0-4629-81a6-17a694802d4e: recall=0.00 (0/1 TLS)
    TCGA-B0-5705-01Z-00-DX1.4544d10a-df2f-46f3-b174-94f72c9310aa: recall=0.00 (0/2 TLS)
    TCGA-BP-4807-01Z-00-DX1.c985d6a4-5104-4b37-b7ab-2d357b89bac5: recall=0.00 (0/1 TLS)
